<?xml version="1.0" encoding="UTF-8"?>
<!-- Generated by org.testng.reporters.JUnitReportReporter -->
<testsuite hostname="Rios-MacBook-Pro.local" failures="0" tests="7" name="com.openway.submission.AppTest" time="0.003" errors="0" timestamp="2024-05-19T20:52:55 WIB" skipped="0">
  <testcase classname="com.openway.submission.AppTest" name="testZeroDivision" time="0.000"/>
  <testcase classname="com.openway.submission.AppTest" name="testSmallNumbers" time="0.000"/>
  <testcase classname="com.openway.submission.AppTest" name="testNegativeNumbers" time="0.000"/>
  <testcase classname="com.openway.submission.AppTest" name="testMixedSigns" time="0.000"/>
  <testcase classname="com.openway.submission.AppTest" name="testZeroDenominator" time="0.000"/>
  <testcase classname="com.openway.submission.AppTest" name="testLargeNumbers" time="0.002"/>
  <testcase classname="com.openway.submission.AppTest" name="testPositiveNumbers" time="0.001"/>
</testsuite> <!-- com.openway.submission.AppTest -->
